TN:
SF:C:\Users\bohus\Documents\GitHub\sandbox\sources\frontend\xplat\web\core\core.module.ts
FN:14,winFactory
FN:18,platformLangFactory
FN:24,createTranslateLoader
FN:52,(anonymous_7)
FN:53,AppCoreModule
FNF:5
FNH:2
FNDA:0,winFactory
FNDA:0,platformLangFactory
FNDA:0,createTranslateLoader
FNDA:1,(anonymous_7)
FNDA:1,AppCoreModule
DA:1,1
DA:2,1
DA:3,1
DA:4,1
DA:5,1
DA:6,1
DA:8,1
DA:9,1
DA:14,1
DA:15,0
DA:18,1
DA:19,0
DA:21,0
DA:24,1
DA:25,0
DA:52,1
DA:58,1
DA:60,1
LF:18
LH:14
BRDA:19,0,0,0
BRDA:19,0,1,0
BRF:2
BRH:0
end_of_record
TN:
SF:C:\Users\bohus\Documents\GitHub\sandbox\sources\frontend\xplat\web\features\demo-angular-material\components\address\address.component.ts
FN:10,(anonymous_8)
FN:87,AddressComponent
FN:91,(anonymous_10)
FNF:3
FNH:2
FNDA:1,(anonymous_8)
FNDA:1,AddressComponent
FNDA:0,(anonymous_10)
DA:1,1
DA:2,1
DA:3,1
DA:10,1
DA:11,1
DA:23,1
DA:25,1
DA:87,1
DA:88,1
DA:91,1
DA:92,0
DA:94,1
LF:12
LH:11
BRDA:88,0,0,1
BRDA:88,0,1,0
BRF:2
BRH:1
end_of_record
TN:
SF:C:\Users\bohus\Documents\GitHub\sandbox\sources\frontend\xplat\web\features\demo-angular-material\components\dashboard\dashboard.component.ts
FN:12,(anonymous_8)
FN:34,DashboardComponent
FN:15,(anonymous_10)
FNF:3
FNH:3
FNDA:1,(anonymous_8)
FNDA:1,DashboardComponent
FNDA:1,(anonymous_10)
DA:1,1
DA:3,1
DA:4,1
DA:5,1
DA:12,1
DA:14,1
DA:15,1
DA:16,1
DA:17,1
DA:25,0
DA:34,1
DA:35,1
DA:37,1
LF:13
LH:12
BRDA:35,0,0,1
BRDA:35,0,1,0
BRDA:16,1,0,1
BRDA:16,1,1,0
BRF:4
BRH:2
end_of_record
TN:
SF:C:\Users\bohus\Documents\GitHub\sandbox\sources\frontend\xplat\web\features\demo-angular-material\components\drag-drop\drag-drop.component.ts
FN:10,(anonymous_8)
FN:15,DragDropComponent
FN:19,(anonymous_10)
FNF:3
FNH:2
FNDA:1,(anonymous_8)
FNDA:1,DragDropComponent
FNDA:0,(anonymous_10)
DA:1,1
DA:2,1
DA:3,1
DA:10,1
DA:11,1
DA:13,1
DA:16,1
DA:19,1
DA:20,0
DA:21,0
DA:23,0
DA:26,1
LF:12
LH:9
BRDA:16,0,0,1
BRDA:16,0,1,0
BRDA:20,1,0,0
BRDA:20,1,1,0
BRF:4
BRH:1
end_of_record
TN:
SF:C:\Users\bohus\Documents\GitHub\sandbox\sources\frontend\xplat\web\features\demo-angular-material\components\table\table-datasource.ts
FN:42,(anonymous_6)
FN:45,TableDataSource
FN:54,(anonymous_8)
FN:63,(anonymous_9)
FN:73,(anonymous_10)
FN:79,(anonymous_11)
FN:88,(anonymous_12)
FN:93,(anonymous_13)
FN:108,compare
FNF:9
FNH:7
FNDA:1,(anonymous_6)
FNDA:1,TableDataSource
FNDA:1,(anonymous_8)
FNDA:1,(anonymous_9)
FNDA:1,(anonymous_10)
FNDA:1,(anonymous_11)
FNDA:1,(anonymous_12)
FNDA:0,(anonymous_13)
FNDA:0,compare
DA:1,1
DA:2,1
DA:4,1
DA:14,1
DA:42,1
DA:43,1
DA:45,1
DA:46,1
DA:54,1
DA:57,1
DA:60,1
DA:62,1
DA:64,1
DA:73,1
DA:79,1
DA:80,1
DA:81,1
DA:88,1
DA:89,1
DA:90,1
DA:93,0
DA:94,0
DA:95,0
DA:97,0
DA:99,0
DA:101,0
DA:105,1
DA:109,0
LF:28
LH:21
BRDA:46,0,0,1
BRDA:46,0,1,1
BRDA:89,1,0,1
BRDA:89,1,1,0
BRDA:89,2,0,1
BRDA:89,2,1,0
BRDA:96,3,0,0
BRDA:96,3,1,0
BRDA:96,3,2,0
BRDA:109,4,0,0
BRDA:109,4,1,0
BRDA:109,5,0,0
BRDA:109,5,1,0
BRF:13
BRH:4
end_of_record
TN:
SF:C:\Users\bohus\Documents\GitHub\sandbox\sources\frontend\xplat\web\features\demo-angular-material\components\table\table.component.ts
FN:12,(anonymous_8)
FN:20,TableComponent
FN:24,(anonymous_10)
FNF:3
FNH:3
FNDA:1,(anonymous_8)
FNDA:1,TableComponent
FNDA:1,(anonymous_10)
DA:1,1
DA:2,1
DA:3,1
DA:5,1
DA:12,1
DA:13,1
DA:14,1
DA:18,1
DA:21,1
DA:24,1
DA:25,1
DA:27,1
LF:12
LH:12
BRDA:21,0,0,1
BRDA:21,0,1,0
BRF:2
BRH:1
end_of_record
TN:
SF:C:\Users\bohus\Documents\GitHub\sandbox\sources\frontend\xplat\web\features\demo-angular-material\components\tree\example-data.ts
FNF:0
FNH:0
DA:2,1
LF:1
LH:1
BRF:0
BRH:0
end_of_record
TN:
SF:C:\Users\bohus\Documents\GitHub\sandbox\sources\frontend\xplat\web\features\demo-angular-material\components\tree\tree.component.ts
FN:33,(anonymous_8)
FN:43,TreeComponent
FN:53,(anonymous_10)
FN:63,(anonymous_11)
FN:68,(anonymous_12)
FN:73,(anonymous_13)
FN:78,(anonymous_14)
FNF:7
FNH:7
FNDA:1,(anonymous_8)
FNDA:1,TreeComponent
FNDA:14,(anonymous_10)
FNDA:112,(anonymous_11)
FNDA:45,(anonymous_12)
FNDA:3,(anonymous_13)
FNDA:6,(anonymous_14)
DA:1,1
DA:3,1
DA:4,1
DA:5,1
DA:6,1
DA:8,1
DA:33,1
DA:44,1
DA:45,1
DA:47,1
DA:48,1
DA:49,1
DA:53,1
DA:54,14
DA:63,1
DA:64,112
DA:68,1
DA:69,45
DA:73,1
DA:74,3
DA:78,1
DA:79,6
DA:81,1
LF:23
LH:23
BRDA:44,0,0,1
BRDA:44,0,1,0
BRF:2
BRH:1
end_of_record
TN:
SF:C:\Users\bohus\Documents\GitHub\sandbox\sources\frontend\xplat\web\features\shell\components\navigation\navigation.component.ts
FN:13,(anonymous_8)
FN:18,NavigationComponent
FN:16,(anonymous_10)
FNF:3
FNH:3
FNDA:1,(anonymous_8)
FNDA:1,NavigationComponent
FNDA:4,(anonymous_10)
DA:2,1
DA:4,1
DA:5,1
DA:6,1
DA:13,1
DA:14,1
DA:16,4
DA:18,1
DA:19,1
DA:21,1
LF:10
LH:10
BRDA:19,0,0,1
BRDA:19,0,1,0
BRF:2
BRH:1
end_of_record
TN:
SF:C:\Users\bohus\Documents\GitHub\sandbox\sources\frontend\xplat\web\features\ui\material.module.ts
FN:98,(anonymous_1)
FNF:1
FNH:1
FNDA:1,(anonymous_1)
DA:8,1
DA:9,1
DA:10,1
DA:11,1
DA:98,1
LF:5
LH:5
BRF:0
BRH:0
end_of_record
TN:
SF:C:\Users\bohus\Documents\GitHub\sandbox\sources\frontend\xplat\web\features\ui\ui.module.ts
FN:30,(anonymous_1)
FNF:1
FNH:1
FNDA:2,(anonymous_1)
DA:1,1
DA:2,1
DA:3,1
DA:4,1
DA:5,1
DA:6,1
DA:8,1
DA:10,1
DA:11,1
DA:13,1
DA:30,1
LF:11
LH:11
BRF:0
BRH:0
end_of_record
TN:
SF:C:\Users\bohus\Documents\GitHub\sandbox\sources\frontend\xplat\web\features\ui\components\index.ts
FNF:0
FNH:0
DA:1,1
DA:3,1
DA:5,1
LF:3
LH:3
BRF:0
BRH:0
end_of_record
TN:
SF:C:\Users\bohus\Documents\GitHub\sandbox\sources\frontend\xplat\web\features\ui\components\not-found\not-found.component.ts
FN:14,(anonymous_10)
FN:15,NotFoundComponent
FNF:2
FNH:1
FNDA:1,(anonymous_10)
FNDA:0,NotFoundComponent
DA:2,1
DA:4,1
DA:5,1
DA:14,1
DA:22,1
LF:5
LH:5
BRDA:20,0,0,0
BRDA:20,0,1,0
BRF:2
BRH:0
end_of_record
