{"numFailedTestSuites":0,"numFailedTests":0,"numPassedTestSuites":13,"numPassedTests":19,"numPendingTestSuites":0,"numPendingTests":0,"numRuntimeErrorTestSuites":0,"numTodoTests":0,"numTotalTestSuites":13,"numTotalTests":19,"openHandles":[],"snapshot":{"added":0,"didUpdate":false,"failure":false,"filesAdded":0,"filesRemoved":0,"filesUnmatched":0,"filesUpdated":0,"matched":0,"total":0,"unchecked":0,"uncheckedKeysByFile":[],"unmatched":0,"updated":0},"startTime":1549232691345,"success":true,"testResults":[{"assertionResults":[{"ancestorTitles":["core: LogService","api"],"failureMessages":[],"fullName":"core: LogService api sanity","location":null,"status":"passed","title":"sanity"},{"ancestorTitles":["core: LogService","api"],"failureMessages":[],"fullName":"core: LogService api should not log anything by default","location":null,"status":"passed","title":"should not log anything by default"},{"ancestorTitles":["core: LogService","debug levels"],"failureMessages":[],"fullName":"core: LogService debug levels LEVEL_5: info only","location":null,"status":"passed","title":"LEVEL_5: info only"},{"ancestorTitles":["core: LogService","debug levels"],"failureMessages":[],"fullName":"core: LogService debug levels LEVEL_4: everything","location":null,"status":"passed","title":"LEVEL_4: everything"},{"ancestorTitles":["core: LogService","debug levels"],"failureMessages":[],"fullName":"core: LogService debug levels LEVEL_3: log + all the above","location":null,"status":"passed","title":"LEVEL_3: log + all the above"},{"ancestorTitles":["core: LogService","debug levels"],"failureMessages":[],"fullName":"core: LogService debug levels LEVEL_2: error only","location":null,"status":"passed","title":"LEVEL_2: error only"},{"ancestorTitles":["core: LogService","debug levels"],"failureMessages":[],"fullName":"core: LogService debug levels LEVEL_1: warn only","location":null,"status":"passed","title":"LEVEL_1: warn only"}],"endTime":1549232707745,"message":"","name":"E:\\workspace\\projects\\sandbox\\sources\\applications\\libs\\core\\services\\log.service.spec.ts","startTime":1549232698087,"status":"passed","summary":""},{"assertionResults":[{"ancestorTitles":["AppController","getData"],"failureMessages":[],"fullName":"AppController getData should return \"Welcome to web-application-api!\"","location":null,"status":"passed","title":"should return \"Welcome to web-application-api!\""}],"endTime":1549232715200,"message":"","name":"E:\\workspace\\projects\\sandbox\\sources\\applications\\apps\\web-application-api\\src\\app\\app.controller.spec.ts","startTime":1549232698140,"status":"passed","summary":""},{"assertionResults":[{"ancestorTitles":["Heroes Controller"],"failureMessages":[],"fullName":"Heroes Controller should be defined","location":null,"status":"passed","title":"should be defined"}],"endTime":1549232715514,"message":"","name":"E:\\workspace\\projects\\sandbox\\sources\\applications\\apps\\web-application-api\\src\\app\\heroes\\heroes.controller.spec.ts","startTime":1549232698235,"status":"passed","summary":""},{"assertionResults":[{"ancestorTitles":["AppService","getData"],"failureMessages":[],"fullName":"AppService getData should return \"Welcome to web-application-api!\"","location":null,"status":"passed","title":"should return \"Welcome to web-application-api!\""}],"endTime":1549232716401,"message":"","name":"E:\\workspace\\projects\\sandbox\\sources\\applications\\apps\\web-application-api\\src\\app\\app.service.spec.ts","startTime":1549232708077,"status":"passed","summary":""},{"assertionResults":[{"ancestorTitles":["UiFanMenuModule"],"failureMessages":[],"fullName":"UiFanMenuModule should create","location":null,"status":"passed","title":"should create"}],"endTime":1549232717033,"message":"","name":"E:\\workspace\\projects\\sandbox\\sources\\applications\\libs\\ui-fan-menu\\src\\lib\\ui-fan-menu.module.spec.ts","startTime":1549232715683,"status":"passed","summary":""},{"assertionResults":[{"ancestorTitles":["HeroesService"],"failureMessages":[],"fullName":"HeroesService should be defined","location":null,"status":"passed","title":"should be defined"}],"endTime":1549232718114,"message":"","name":"E:\\workspace\\projects\\sandbox\\sources\\applications\\apps\\web-application-api\\src\\app\\heroes\\heroes.service.spec.ts","startTime":1549232715443,"status":"passed","summary":""},{"assertionResults":[{"ancestorTitles":[],"failureMessages":[],"fullName":"anagrams","location":null,"status":"passed","title":"anagrams"}],"endTime":1549232718409,"message":"","name":"E:\\workspace\\projects\\sandbox\\sources\\applications\\libs\\features\\demo-computer-science\\classes\\algorithms\\anagram\\anagram.spec.ts","startTime":1549232716589,"status":"passed","summary":""},{"assertionResults":[{"ancestorTitles":["AppCoreModule"],"failureMessages":[],"fullName":"AppCoreModule should work","location":null,"status":"passed","title":"should work"}],"endTime":1549232722531,"message":"","name":"E:\\workspace\\projects\\sandbox\\sources\\applications\\xplat\\web\\core\\core.module.spec.ts","startTime":1549232717194,"status":"passed","summary":""},{"assertionResults":[{"ancestorTitles":["UiAuthFirebaseComponent"],"failureMessages":[],"fullName":"UiAuthFirebaseComponent should compile","location":null,"status":"passed","title":"should compile"}],"endTime":1549232728713,"message":"","name":"E:\\workspace\\projects\\sandbox\\sources\\applications\\xplat\\web\\features\\ui-auth-firebase\\components\\ui-auth-firebase\\ui-auth-firebase.component.spec.ts","startTime":1549232698130,"status":"passed","summary":""},{"assertionResults":[{"ancestorTitles":["UIModule"],"failureMessages":[],"fullName":"UIModule should work","location":null,"status":"passed","title":"should work"}],"endTime":1549232729061,"message":"","name":"E:\\workspace\\projects\\sandbox\\sources\\applications\\xplat\\web\\features\\ui\\ui.module.spec.ts","startTime":1549232718369,"status":"passed","summary":""},{"assertionResults":[{"ancestorTitles":["AppComponent"],"failureMessages":[],"fullName":"AppComponent should create the app","location":null,"status":"passed","title":"should create the app"}],"endTime":1549232737619,"message":"","name":"E:\\workspace\\projects\\sandbox\\sources\\applications\\apps\\web-application\\src\\app\\app.component.spec.ts","startTime":1549232698089,"status":"passed","summary":""},{"assertionResults":[{"ancestorTitles":["MessageService"],"failureMessages":[],"fullName":"MessageService should be created","location":null,"status":"passed","title":"should be created"}],"endTime":1549232738394,"message":"","name":"E:\\workspace\\projects\\sandbox\\sources\\applications\\xplat\\web\\features\\demo-heroes\\services\\message.service.spec.ts","startTime":1549232698087,"status":"passed","summary":""},{"assertionResults":[{"ancestorTitles":["HeroService"],"failureMessages":[],"fullName":"HeroService should be created","location":null,"status":"passed","title":"should be created"}],"endTime":1549232738457,"message":"","name":"E:\\workspace\\projects\\sandbox\\sources\\applications\\xplat\\web\\features\\demo-heroes\\services\\hero.service.spec.ts","startTime":1549232698099,"status":"passed","summary":""}],"wasInterrupted":false}