{"numFailedTestSuites":0,"numFailedTests":0,"numPassedTestSuites":14,"numPassedTests":22,"numPendingTestSuites":0,"numPendingTests":0,"numRuntimeErrorTestSuites":0,"numTodoTests":0,"numTotalTestSuites":14,"numTotalTests":22,"openHandles":[],"snapshot":{"added":0,"didUpdate":false,"failure":false,"filesAdded":0,"filesRemoved":0,"filesUnmatched":0,"filesUpdated":0,"matched":0,"total":0,"unchecked":0,"uncheckedKeysByFile":[],"unmatched":0,"updated":0},"startTime":1549153631871,"success":true,"testResults":[{"assertionResults":[{"ancestorTitles":["AppComponent"],"failureMessages":[],"fullName":"AppComponent should create the app","location":null,"status":"passed","title":"should create the app"},{"ancestorTitles":["AppComponent"],"failureMessages":[],"fullName":"AppComponent should have as title 'storybook'","location":null,"status":"passed","title":"should have as title 'storybook'"},{"ancestorTitles":["AppComponent"],"failureMessages":[],"fullName":"AppComponent should render title in a h1 tag","location":null,"status":"passed","title":"should render title in a h1 tag"}],"endTime":1549153642520,"message":"","name":"E:\\workspace\\projects\\sandbox\\sources\\applications\\apps\\storybook\\src\\app\\app.component.spec.ts","startTime":1549153636136,"status":"passed","summary":""},{"assertionResults":[{"ancestorTitles":["core: LogService","api"],"failureMessages":[],"fullName":"core: LogService api sanity","location":null,"status":"passed","title":"sanity"},{"ancestorTitles":["core: LogService","api"],"failureMessages":[],"fullName":"core: LogService api should not log anything by default","location":null,"status":"passed","title":"should not log anything by default"},{"ancestorTitles":["core: LogService","debug levels"],"failureMessages":[],"fullName":"core: LogService debug levels LEVEL_5: info only","location":null,"status":"passed","title":"LEVEL_5: info only"},{"ancestorTitles":["core: LogService","debug levels"],"failureMessages":[],"fullName":"core: LogService debug levels LEVEL_4: everything","location":null,"status":"passed","title":"LEVEL_4: everything"},{"ancestorTitles":["core: LogService","debug levels"],"failureMessages":[],"fullName":"core: LogService debug levels LEVEL_3: log + all the above","location":null,"status":"passed","title":"LEVEL_3: log + all the above"},{"ancestorTitles":["core: LogService","debug levels"],"failureMessages":[],"fullName":"core: LogService debug levels LEVEL_2: error only","location":null,"status":"passed","title":"LEVEL_2: error only"},{"ancestorTitles":["core: LogService","debug levels"],"failureMessages":[],"fullName":"core: LogService debug levels LEVEL_1: warn only","location":null,"status":"passed","title":"LEVEL_1: warn only"}],"endTime":1549153643225,"message":"","name":"E:\\workspace\\projects\\sandbox\\sources\\applications\\libs\\core\\services\\log.service.spec.ts","startTime":1549153636128,"status":"passed","summary":""},{"assertionResults":[{"ancestorTitles":["AppController","getData"],"failureMessages":[],"fullName":"AppController getData should return \"Welcome to web-application-api!\"","location":null,"status":"passed","title":"should return \"Welcome to web-application-api!\""}],"endTime":1549153648175,"message":"","name":"E:\\workspace\\projects\\sandbox\\sources\\applications\\apps\\web-application-api\\src\\app\\app.controller.spec.ts","startTime":1549153636136,"status":"passed","summary":""},{"assertionResults":[{"ancestorTitles":["Heroes Controller"],"failureMessages":[],"fullName":"Heroes Controller should be defined","location":null,"status":"passed","title":"should be defined"}],"endTime":1549153649331,"message":"","name":"E:\\workspace\\projects\\sandbox\\sources\\applications\\apps\\web-application-api\\src\\app\\heroes\\heroes.controller.spec.ts","startTime":1549153642727,"status":"passed","summary":""},{"assertionResults":[{"ancestorTitles":["AppService","getData"],"failureMessages":[],"fullName":"AppService getData should return \"Welcome to web-application-api!\"","location":null,"status":"passed","title":"should return \"Welcome to web-application-api!\""}],"endTime":1549153649755,"message":"","name":"E:\\workspace\\projects\\sandbox\\sources\\applications\\apps\\web-application-api\\src\\app\\app.service.spec.ts","startTime":1549153643380,"status":"passed","summary":""},{"assertionResults":[{"ancestorTitles":["HeroesService"],"failureMessages":[],"fullName":"HeroesService should be defined","location":null,"status":"passed","title":"should be defined"}],"endTime":1549153650363,"message":"","name":"E:\\workspace\\projects\\sandbox\\sources\\applications\\apps\\web-application-api\\src\\app\\heroes\\heroes.service.spec.ts","startTime":1549153648403,"status":"passed","summary":""},{"assertionResults":[{"ancestorTitles":["UiFanMenuModule"],"failureMessages":[],"fullName":"UiFanMenuModule should create","location":null,"status":"passed","title":"should create"}],"endTime":1549153650673,"message":"","name":"E:\\workspace\\projects\\sandbox\\sources\\applications\\libs\\ui-fan-menu\\src\\lib\\ui-fan-menu.module.spec.ts","startTime":1549153649505,"status":"passed","summary":""},{"assertionResults":[{"ancestorTitles":[],"failureMessages":[],"fullName":"anagrams","location":null,"status":"passed","title":"anagrams"}],"endTime":1549153651043,"message":"","name":"E:\\workspace\\projects\\sandbox\\sources\\applications\\libs\\features\\demo-computer-science\\classes\\algorithms\\anagram\\anagram.spec.ts","startTime":1549153649874,"status":"passed","summary":""},{"assertionResults":[{"ancestorTitles":["AppCoreModule"],"failureMessages":[],"fullName":"AppCoreModule should work","location":null,"status":"passed","title":"should work"}],"endTime":1549153653292,"message":"","name":"E:\\workspace\\projects\\sandbox\\sources\\applications\\xplat\\web\\core\\core.module.spec.ts","startTime":1549153650505,"status":"passed","summary":""},{"assertionResults":[{"ancestorTitles":["UIModule"],"failureMessages":[],"fullName":"UIModule should work","location":null,"status":"passed","title":"should work"}],"endTime":1549153657019,"message":"","name":"E:\\workspace\\projects\\sandbox\\sources\\applications\\xplat\\web\\features\\ui\\ui.module.spec.ts","startTime":1549153650823,"status":"passed","summary":""},{"assertionResults":[{"ancestorTitles":["UiAuthFirebaseComponent"],"failureMessages":[],"fullName":"UiAuthFirebaseComponent should compile","location":null,"status":"passed","title":"should compile"}],"endTime":1549153659135,"message":"","name":"E:\\workspace\\projects\\sandbox\\sources\\applications\\xplat\\web\\features\\ui-auth-firebase\\components\\ui-auth-firebase\\ui-auth-firebase.component.spec.ts","startTime":1549153636130,"status":"passed","summary":""},{"assertionResults":[{"ancestorTitles":["AppComponent"],"failureMessages":[],"fullName":"AppComponent should create the app","location":null,"status":"passed","title":"should create the app"}],"endTime":1549153666334,"message":"","name":"E:\\workspace\\projects\\sandbox\\sources\\applications\\apps\\web-application\\src\\app\\app.component.spec.ts","startTime":1549153636136,"status":"passed","summary":""},{"assertionResults":[{"ancestorTitles":["MessageService"],"failureMessages":[],"fullName":"MessageService should be created","location":null,"status":"passed","title":"should be created"}],"endTime":1549153667140,"message":"","name":"E:\\workspace\\projects\\sandbox\\sources\\applications\\xplat\\web\\features\\demo-heroes\\services\\message.service.spec.ts","startTime":1549153636129,"status":"passed","summary":""},{"assertionResults":[{"ancestorTitles":["HeroService"],"failureMessages":[],"fullName":"HeroService should be created","location":null,"status":"passed","title":"should be created"}],"endTime":1549153667355,"message":"","name":"E:\\workspace\\projects\\sandbox\\sources\\applications\\xplat\\web\\features\\demo-heroes\\services\\hero.service.spec.ts","startTime":1549153636129,"status":"passed","summary":""}],"wasInterrupted":false}