{"numFailedTestSuites":0,"numFailedTests":0,"numPassedTestSuites":15,"numPassedTests":23,"numPendingTestSuites":0,"numPendingTests":0,"numRuntimeErrorTestSuites":0,"numTotalTestSuites":15,"numTotalTests":23,"openHandles":[],"snapshot":{"added":0,"didUpdate":false,"failure":false,"filesAdded":0,"filesRemoved":0,"filesUnmatched":0,"filesUpdated":0,"matched":0,"total":0,"unchecked":0,"uncheckedKeysByFile":[],"unmatched":0,"updated":0},"startTime":1548167103411,"success":true,"testResults":[{"assertionResults":[{"ancestorTitles":["core: LogService","api"],"failureMessages":[],"fullName":"core: LogService api sanity","location":null,"status":"passed","title":"sanity"},{"ancestorTitles":["core: LogService","api"],"failureMessages":[],"fullName":"core: LogService api should not log anything by default","location":null,"status":"passed","title":"should not log anything by default"},{"ancestorTitles":["core: LogService","debug levels"],"failureMessages":[],"fullName":"core: LogService debug levels LEVEL_5: info only","location":null,"status":"passed","title":"LEVEL_5: info only"},{"ancestorTitles":["core: LogService","debug levels"],"failureMessages":[],"fullName":"core: LogService debug levels LEVEL_4: everything","location":null,"status":"passed","title":"LEVEL_4: everything"},{"ancestorTitles":["core: LogService","debug levels"],"failureMessages":[],"fullName":"core: LogService debug levels LEVEL_3: log + all the above","location":null,"status":"passed","title":"LEVEL_3: log + all the above"},{"ancestorTitles":["core: LogService","debug levels"],"failureMessages":[],"fullName":"core: LogService debug levels LEVEL_2: error only","location":null,"status":"passed","title":"LEVEL_2: error only"},{"ancestorTitles":["core: LogService","debug levels"],"failureMessages":[],"fullName":"core: LogService debug levels LEVEL_1: warn only","location":null,"status":"passed","title":"LEVEL_1: warn only"}],"endTime":1548167115452,"message":"","name":"E:\\workspace\\projects\\sandbox\\sources\\frontend\\libs\\core\\services\\log.service.spec.ts","startTime":1548167107203,"status":"passed","summary":""},{"assertionResults":[{"ancestorTitles":["AppComponent"],"failureMessages":[],"fullName":"AppComponent should create the app","location":null,"status":"passed","title":"should create the app"},{"ancestorTitles":["AppComponent"],"failureMessages":[],"fullName":"AppComponent should have as title 'storybook'","location":null,"status":"passed","title":"should have as title 'storybook'"},{"ancestorTitles":["AppComponent"],"failureMessages":[],"fullName":"AppComponent should render title in a h1 tag","location":null,"status":"passed","title":"should render title in a h1 tag"}],"endTime":1548167116686,"message":"","name":"E:\\workspace\\projects\\sandbox\\sources\\frontend\\apps\\storybook\\src\\app\\app.component.spec.ts","startTime":1548167115771,"status":"passed","summary":""},{"assertionResults":[{"ancestorTitles":["DragDropComponent"],"failureMessages":[],"fullName":"DragDropComponent should compile","location":null,"status":"passed","title":"should compile"}],"endTime":1548167120440,"message":"","name":"E:\\workspace\\projects\\sandbox\\sources\\frontend\\xplat\\web\\features\\demo-angular-material\\components\\drag-drop\\drag-drop.component.spec.ts","startTime":1548167107198,"status":"passed","summary":""},{"assertionResults":[{"ancestorTitles":["DashboardComponent"],"failureMessages":[],"fullName":"DashboardComponent should compile","location":null,"status":"passed","title":"should compile"}],"endTime":1548167120653,"message":"","name":"E:\\workspace\\projects\\sandbox\\sources\\frontend\\xplat\\web\\features\\demo-angular-material\\components\\dashboard\\dashboard.component.spec.ts","startTime":1548167107198,"status":"passed","summary":""},{"assertionResults":[{"ancestorTitles":["NavigationComponent"],"failureMessages":[],"fullName":"NavigationComponent should compile","location":null,"status":"passed","title":"should compile"}],"endTime":1548167120826,"message":"","name":"E:\\workspace\\projects\\sandbox\\sources\\frontend\\xplat\\web\\features\\shell\\components\\navigation\\navigation.component.spec.ts","startTime":1548167107204,"status":"passed","summary":""},{"assertionResults":[{"ancestorTitles":["TableComponent"],"failureMessages":[],"fullName":"TableComponent should compile","location":null,"status":"passed","title":"should compile"}],"endTime":1548167121565,"message":"","name":"E:\\workspace\\projects\\sandbox\\sources\\frontend\\xplat\\web\\features\\demo-angular-material\\components\\table\\table.component.spec.ts","startTime":1548167107198,"status":"passed","summary":""},{"assertionResults":[{"ancestorTitles":["TreeComponent"],"failureMessages":[],"fullName":"TreeComponent should compile","location":null,"status":"passed","title":"should compile"}],"endTime":1548167122102,"message":"","name":"E:\\workspace\\projects\\sandbox\\sources\\frontend\\xplat\\web\\features\\demo-angular-material\\components\\tree\\tree.component.spec.ts","startTime":1548167120550,"status":"passed","summary":""},{"assertionResults":[{"ancestorTitles":["FanMenuModule"],"failureMessages":[],"fullName":"FanMenuModule should create","location":null,"status":"passed","title":"should create"}],"endTime":1548167122117,"message":"","name":"E:\\workspace\\projects\\sandbox\\sources\\frontend\\libs\\fan-menu\\src\\lib\\fan-menu.module.spec.ts","startTime":1548167121699,"status":"passed","summary":""},{"assertionResults":[{"ancestorTitles":["AddressComponent"],"failureMessages":[],"fullName":"AddressComponent should compile","location":null,"status":"passed","title":"should compile"}],"endTime":1548167122136,"message":"","name":"E:\\workspace\\projects\\sandbox\\sources\\frontend\\xplat\\web\\features\\demo-angular-material\\components\\address\\address.component.spec.ts","startTime":1548167107196,"status":"passed","summary":""},{"assertionResults":[{"ancestorTitles":["AppCoreModule"],"failureMessages":[],"fullName":"AppCoreModule should work","location":null,"status":"passed","title":"should work"}],"endTime":1548167122653,"message":"","name":"E:\\workspace\\projects\\sandbox\\sources\\frontend\\xplat\\web\\core\\core.module.spec.ts","startTime":1548167122212,"status":"passed","summary":""},{"assertionResults":[{"ancestorTitles":["AppController","getHello"],"failureMessages":[],"fullName":"AppController getHello should return \"Hello world\" string","location":null,"status":"passed","title":"should return \"Hello world\" string"}],"endTime":1548167122714,"message":"","name":"E:\\workspace\\projects\\sandbox\\sources\\frontend\\apps\\nest-application\\src\\app.controller.spec.ts","startTime":1548167116770,"status":"passed","summary":""},{"assertionResults":[{"ancestorTitles":["UIModule"],"failureMessages":[],"fullName":"UIModule should work","location":null,"status":"passed","title":"should work"}],"endTime":1548167122810,"message":"","name":"E:\\workspace\\projects\\sandbox\\sources\\frontend\\xplat\\web\\features\\ui\\ui.module.spec.ts","startTime":1548167122227,"status":"passed","summary":""},{"assertionResults":[{"ancestorTitles":["AppComponent"],"failureMessages":[],"fullName":"AppComponent should create the app","location":null,"status":"passed","title":"should create the app"}],"endTime":1548167123541,"message":"","name":"E:\\workspace\\projects\\sandbox\\sources\\frontend\\apps\\web-application\\src\\app\\app.component.spec.ts","startTime":1548167107196,"status":"passed","summary":""},{"assertionResults":[{"ancestorTitles":["AppController","getData"],"failureMessages":[],"fullName":"AppController getData should return \"Welcome to api!\"","location":null,"status":"passed","title":"should return \"Welcome to api!\""}],"endTime":1548167124137,"message":"","name":"E:\\workspace\\projects\\sandbox\\sources\\frontend\\apps\\web-application-ssr\\src\\app\\app.controller.spec.ts","startTime":1548167120771,"status":"passed","summary":""},{"assertionResults":[{"ancestorTitles":["AppService","getData"],"failureMessages":[],"fullName":"AppService getData should return \"Welcome to api!\"","location":null,"status":"passed","title":"should return \"Welcome to api!\""}],"endTime":1548167124201,"message":"","name":"E:\\workspace\\projects\\sandbox\\sources\\frontend\\apps\\web-application-ssr\\src\\app\\app.service.spec.ts","startTime":1548167120945,"status":"passed","summary":""}],"wasInterrupted":false}