<?xml version='1.0'?>
<ns2:test-suite xmlns:ns2='urn:model.allure.qatools.yandex.ru' start='1547984769720' stop='1547984791698'>
    <name>Dashboard Page</name>
    <title>Dashboard Page</title>
    <test-cases>
        <test-case start='1547984769721' status='failed' stop='1547984772330'>
            <name>I click on Narco in the top heroes grid (&lt;hiptest-uid>) {"heroName":"Narco","hiptest-uid":""}</name>
            <title>I click on Narco in the top heroes grid (&lt;hiptest-uid>) {"heroName":"Narco","hiptest-uid":""}</title>
            <labels/>
            <parameters/>
            <steps/>
            <attachments>
                <attachment title='Last Seen Screenshot' source='3cdfadec-ce31-4504-a503-035fc5750ff1-attachment.png' type='image/png' size='3236'/>
            </attachments>
            <failure>
                <message>No steps matching "I click on "Narco" button from top heroes grid"</message>
                <stack-trace>Error: No steps matching "I click on "Narco" button from top heroes grid"
                    at matchStep (C:\Users\bohus\Documents\GitHub\sandbox\sources\frontend\node_modules\codeceptjs\lib\interfaces\bdd.js:39:9)
                    at runSteps (C:\Users\bohus\Documents\GitHub\sandbox\sources\frontend\node_modules\codeceptjs\lib\interfaces\gherkin.js:38:18)
                    at Test (C:\Users\bohus\Documents\GitHub\sandbox\sources\frontend\node_modules\codeceptjs\lib\interfaces\gherkin.js:80:52)
                    at Context.test.fn (C:\Users\bohus\Documents\GitHub\sandbox\sources\frontend\node_modules\codeceptjs\lib\scenario.js:54:14)
                    at callFnAsync (C:\Users\bohus\Documents\GitHub\sandbox\sources\frontend\node_modules\mocha\lib\runnable.js:377:21)
                    at Test.Runnable.run (C:\Users\bohus\Documents\GitHub\sandbox\sources\frontend\node_modules\mocha\lib\runnable.js:324:7)
                    at Runner.runTest (C:\Users\bohus\Documents\GitHub\sandbox\sources\frontend\node_modules\mocha\lib\runner.js:442:10)
                    at C:\Users\bohus\Documents\GitHub\sandbox\sources\frontend\node_modules\mocha\lib\runner.js:560:12
                    at next (C:\Users\bohus\Documents\GitHub\sandbox\sources\frontend\node_modules\mocha\lib\runner.js:356:14)
                    at C:\Users\bohus\Documents\GitHub\sandbox\sources\frontend\node_modules\mocha\lib\runner.js:366:7</stack-trace>
            </failure>
        </test-case>
        <test-case start='1547984774727' status='failed' stop='1547984777332'>
            <name>I click on Narco in the top heroes grid (&lt;hiptest-uid>) {"heroName":"Magneta","hiptest-uid":""}</name>
            <title>I click on Narco in the top heroes grid (&lt;hiptest-uid>) {"heroName":"Magneta","hiptest-uid":""}</title>
            <labels/>
            <parameters/>
            <steps/>
            <attachments>
                <attachment title='Last Seen Screenshot' source='3952d489-4daf-4b01-bc4b-ddb425aa72a1-attachment.png' type='image/png' size='3236'/>
            </attachments>
            <failure>
                <message>No steps matching "I click on "Magneta" button from top heroes grid"</message>
                <stack-trace>Error: No steps matching "I click on "Magneta" button from top heroes grid"
                    at matchStep (C:\Users\bohus\Documents\GitHub\sandbox\sources\frontend\node_modules\codeceptjs\lib\interfaces\bdd.js:39:9)
                    at runSteps (C:\Users\bohus\Documents\GitHub\sandbox\sources\frontend\node_modules\codeceptjs\lib\interfaces\gherkin.js:38:18)
                    at Test (C:\Users\bohus\Documents\GitHub\sandbox\sources\frontend\node_modules\codeceptjs\lib\interfaces\gherkin.js:80:52)
                    at Context.test.fn (C:\Users\bohus\Documents\GitHub\sandbox\sources\frontend\node_modules\codeceptjs\lib\scenario.js:54:14)
                    at callFnAsync (C:\Users\bohus\Documents\GitHub\sandbox\sources\frontend\node_modules\mocha\lib\runnable.js:377:21)
                    at Test.Runnable.run (C:\Users\bohus\Documents\GitHub\sandbox\sources\frontend\node_modules\mocha\lib\runnable.js:324:7)
                    at Runner.runTest (C:\Users\bohus\Documents\GitHub\sandbox\sources\frontend\node_modules\mocha\lib\runner.js:442:10)
                    at C:\Users\bohus\Documents\GitHub\sandbox\sources\frontend\node_modules\mocha\lib\runner.js:560:12
                    at next (C:\Users\bohus\Documents\GitHub\sandbox\sources\frontend\node_modules\mocha\lib\runner.js:356:14)
                    at C:\Users\bohus\Documents\GitHub\sandbox\sources\frontend\node_modules\mocha\lib\runner.js:366:7</stack-trace>
            </failure>
        </test-case>
        <test-case start='1547984779560' status='failed' stop='1547984781897'>
            <name>I look for Narco with the search (&lt;hiptest-uid>) {"heroName":"Narco","searchChars":"Na","hiptest-uid":""}</name>
            <title>I look for Narco with the search (&lt;hiptest-uid>) {"heroName":"Narco","searchChars":"Na","hiptest-uid":""}</title>
            <labels/>
            <parameters/>
            <steps/>
            <attachments>
                <attachment title='Last Seen Screenshot' source='1704127f-c289-4dc2-850c-de2eddf67284-attachment.png' type='image/png' size='3236'/>
            </attachments>
            <failure>
                <message>No steps matching "I see the search bar"</message>
                <stack-trace>Error: No steps matching "I see the search bar"
                    at matchStep (C:\Users\bohus\Documents\GitHub\sandbox\sources\frontend\node_modules\codeceptjs\lib\interfaces\bdd.js:39:9)
                    at runSteps (C:\Users\bohus\Documents\GitHub\sandbox\sources\frontend\node_modules\codeceptjs\lib\interfaces\gherkin.js:38:18)
                    at Test (C:\Users\bohus\Documents\GitHub\sandbox\sources\frontend\node_modules\codeceptjs\lib\interfaces\gherkin.js:80:52)
                    at Context.test.fn (C:\Users\bohus\Documents\GitHub\sandbox\sources\frontend\node_modules\codeceptjs\lib\scenario.js:54:14)
                    at callFnAsync (C:\Users\bohus\Documents\GitHub\sandbox\sources\frontend\node_modules\mocha\lib\runnable.js:377:21)
                    at Test.Runnable.run (C:\Users\bohus\Documents\GitHub\sandbox\sources\frontend\node_modules\mocha\lib\runnable.js:324:7)
                    at Runner.runTest (C:\Users\bohus\Documents\GitHub\sandbox\sources\frontend\node_modules\mocha\lib\runner.js:442:10)
                    at C:\Users\bohus\Documents\GitHub\sandbox\sources\frontend\node_modules\mocha\lib\runner.js:560:12
                    at next (C:\Users\bohus\Documents\GitHub\sandbox\sources\frontend\node_modules\mocha\lib\runner.js:356:14)
                    at C:\Users\bohus\Documents\GitHub\sandbox\sources\frontend\node_modules\mocha\lib\runner.js:366:7</stack-trace>
            </failure>
        </test-case>
        <test-case start='1547984783689' status='failed' stop='1547984786082'>
            <name>I look for Narco with the search (&lt;hiptest-uid>) {"heroName":"Magenta","searchChars":"Gne","hiptest-uid":""}</name>
            <title>I look for Narco with the search (&lt;hiptest-uid>) {"heroName":"Magenta","searchChars":"Gne","hiptest-uid":""}</title>
            <labels/>
            <parameters/>
            <steps/>
            <attachments>
                <attachment title='Last Seen Screenshot' source='fd21eff0-66a2-4bc2-aaeb-ce7b1866e593-attachment.png' type='image/png' size='3236'/>
            </attachments>
            <failure>
                <message>No steps matching "I see the search bar"</message>
                <stack-trace>Error: No steps matching "I see the search bar"
                    at matchStep (C:\Users\bohus\Documents\GitHub\sandbox\sources\frontend\node_modules\codeceptjs\lib\interfaces\bdd.js:39:9)
                    at runSteps (C:\Users\bohus\Documents\GitHub\sandbox\sources\frontend\node_modules\codeceptjs\lib\interfaces\gherkin.js:38:18)
                    at Test (C:\Users\bohus\Documents\GitHub\sandbox\sources\frontend\node_modules\codeceptjs\lib\interfaces\gherkin.js:80:52)
                    at Context.test.fn (C:\Users\bohus\Documents\GitHub\sandbox\sources\frontend\node_modules\codeceptjs\lib\scenario.js:54:14)
                    at callFnAsync (C:\Users\bohus\Documents\GitHub\sandbox\sources\frontend\node_modules\mocha\lib\runnable.js:377:21)
                    at Test.Runnable.run (C:\Users\bohus\Documents\GitHub\sandbox\sources\frontend\node_modules\mocha\lib\runnable.js:324:7)
                    at Runner.runTest (C:\Users\bohus\Documents\GitHub\sandbox\sources\frontend\node_modules\mocha\lib\runner.js:442:10)
                    at C:\Users\bohus\Documents\GitHub\sandbox\sources\frontend\node_modules\mocha\lib\runner.js:560:12
                    at next (C:\Users\bohus\Documents\GitHub\sandbox\sources\frontend\node_modules\mocha\lib\runner.js:356:14)
                    at C:\Users\bohus\Documents\GitHub\sandbox\sources\frontend\node_modules\mocha\lib\runner.js:366:7</stack-trace>
            </failure>
        </test-case>
        <test-case start='1547984787888' status='passed' stop='1547984790132'>
            <name>I go to the Narco details page from search results</name>
            <title>I go to the Narco details page from search results</title>
            <labels/>
            <parameters/>
            <steps/>
            <attachments/>
        </test-case>
    </test-cases>
</ns2:test-suite>