TN:
SF:C:\Users\bohus\Documents\GitHub\sandbox\sources\frontend\apps\web-application\src\polyfills.ts
FNF:0
FNH:0
DA:80,1
LF:1
LH:1
BRF:0
BRH:0
end_of_record
TN:
SF:C:\Users\bohus\Documents\GitHub\sandbox\sources\frontend\apps\web-application\src\test.ts
FNF:0
FNH:0
DA:3,1
DA:4,1
DA:5,1
DA:10,1
DA:12,1
DA:14,1
LF:6
LH:6
BRF:0
BRH:0
end_of_record
TN:
SF:C:\Users\bohus\Documents\GitHub\sandbox\sources\frontend\apps\web-application\src\app\app.component.ts
FN:9,(anonymous_8)
FN:10,AppComponent
FNF:2
FNH:2
FNDA:1,(anonymous_8)
FNDA:1,AppComponent
DA:1,1
DA:3,1
DA:9,1
DA:13,1
LF:4
LH:4
BRDA:11,0,0,1
BRDA:11,0,1,0
BRF:2
BRH:1
end_of_record
