TN:
SF:C:\Users\bohus\Documents\GitHub\sandbox\sources\frontend\libs\core\services\log.service.ts
FN:13,(anonymous_1)
FN:24,(anonymous_3)
FN:32,(anonymous_4)
FN:40,(anonymous_5)
FN:47,(anonymous_6)
FNF:5
FNH:5
FNDA:8,(anonymous_1)
FNDA:8,(anonymous_3)
FNDA:7,(anonymous_4)
FNDA:7,(anonymous_5)
FNDA:7,(anonymous_6)
DA:2,1
DA:13,1
DA:14,1
DA:24,8
DA:25,8
DA:27,4
DA:32,7
DA:33,7
DA:35,3
DA:40,7
DA:41,7
DA:42,4
DA:47,7
DA:48,7
DA:49,4
DA:52,1
LF:16
LH:16
BRDA:25,0,0,4
BRDA:25,0,1,4
BRDA:25,1,0,8
BRDA:25,1,1,6
BRDA:33,2,0,3
BRDA:33,2,1,4
BRDA:33,3,0,7
BRDA:33,3,1,5
BRDA:41,4,0,4
BRDA:41,4,1,3
BRDA:41,5,0,7
BRDA:41,5,1,5
BRDA:41,5,2,4
BRDA:48,6,0,4
BRDA:48,6,1,3
BRDA:48,7,0,7
BRDA:48,7,1,5
BRDA:48,7,2,4
BRF:18
BRH:18
end_of_record
TN:
SF:C:\Users\bohus\Documents\GitHub\sandbox\sources\frontend\libs\fan-menu\src\lib\fan-menu.module.ts
FN:7,(anonymous_1)
FNF:1
FNH:1
FNDA:1,(anonymous_1)
DA:1,1
DA:2,1
DA:7,1
LF:3
LH:3
BRF:0
BRH:0
end_of_record
